<?xml version="1.0" encoding="UTF-8"?>
<!-- Generated by org.testng.reporters.JUnitReportReporter -->
<testsuite hostname="DESKTOP-017U15Q" failures="0" tests="1" name="cucumberOptions.TestRunner" time="0.043" errors="0" timestamp="2022-04-28T20:54:46 IST" skipped="0">
  <testcase classname="cucumberOptions.TestRunner" name="feature" time="0.043"/>
  <system-out/>
</testsuite> <!-- cucumberOptions.TestRunner -->
