<?xml version="1.0" encoding="UTF-8"?>
<!-- Generated by org.testng.reporters.JUnitReportReporter -->
<testsuite hostname="DESKTOP-017U15Q" failures="0" tests="1" name="Academy.ValidateNavigationBar" time="0.104" errors="0" timestamp="2022-04-20T12:30:18 IST" skipped="0">
  <testcase classname="Academy.ValidateNavigationBar" name="validateAppNavBar" time="0.104"/>
  <system-out/>
</testsuite> <!-- Academy.ValidateNavigationBar -->
