<?xml version="1.0" encoding="UTF-8"?>
<!-- Generated by org.testng.reporters.JUnitReportReporter -->
<testsuite skipped="0" hostname="DESKTOP-017U15Q" name="Academy.AppTest" tests="1" failures="0" timestamp="2022-04-12T18:17:53 IST" time="0.024" errors="0">
  <testcase name="shouldAnswerWithTrue" time="0.024" classname="Academy.AppTest"/>
  <system-out/>
</testsuite> <!-- Academy.AppTest -->
